2026-05-22 23:06:16,788 - __main__ - INFO - ================================================================================
2026-05-22 23:06:16,788 - __main__ - INFO - Custom Restoration Model Training
2026-05-22 23:06:16,789 - __main__ - INFO - ================================================================================
2026-05-22 23:06:16,789 - __main__ - INFO - Device: cuda
2026-05-22 23:06:16,789 - __main__ - INFO - Seed: 42
2026-05-22 23:06:16,789 - __main__ - INFO - Initializing model registry...
2026-05-22 23:07:02,654 - __main__ - INFO - ================================================================================
2026-05-22 23:07:02,655 - __main__ - INFO - Custom Restoration Model Training
2026-05-22 23:07:02,657 - __main__ - INFO - ================================================================================
2026-05-22 23:07:02,657 - __main__ - INFO - Device: cuda
2026-05-22 23:07:02,657 - __main__ - INFO - Seed: 42
2026-05-22 23:07:02,657 - __main__ - INFO - Initializing model registry...
2026-05-22 23:07:02,925 - __main__ - INFO - Loading config from: configs/train_restoration.yaml
2026-05-22 23:11:05,580 - __main__ - INFO - ================================================================================
2026-05-22 23:11:05,580 - __main__ - INFO - Custom Restoration Model Training
2026-05-22 23:11:05,581 - __main__ - INFO - ================================================================================
2026-05-22 23:11:05,581 - __main__ - INFO - Device: cuda
2026-05-22 23:11:05,581 - __main__ - INFO - Seed: 42
2026-05-22 23:11:05,581 - __main__ - INFO - Initializing model registry...
2026-05-22 23:11:05,806 - __main__ - INFO - Loading config from: configs/train_restoration.yaml
2026-05-22 23:11:41,855 - __main__ - INFO - ================================================================================
2026-05-22 23:11:41,855 - __main__ - INFO - Custom Restoration Model Training
2026-05-22 23:11:41,856 - __main__ - INFO - ================================================================================
2026-05-22 23:11:41,856 - __main__ - INFO - Device: cuda
2026-05-22 23:11:41,856 - __main__ - INFO - Seed: 42
2026-05-22 23:11:41,856 - __main__ - INFO - Initializing model registry...
2026-05-22 23:11:42,101 - __main__ - INFO - Loading config from: configs/train_restoration.yaml
2026-05-22 23:11:42,170 - __main__ - INFO - 
Model Registry Summary:
================================================================================

HYBRID:
--------------------------------------------------------------------------------
Name                           Scale      Params          FLOPs          
--------------------------------------------------------------------------------
hybrid_attention               base       1.79M           N/A            

RESNET:
--------------------------------------------------------------------------------
Name                           Scale      Params          FLOPs          
--------------------------------------------------------------------------------
resnet_medium                  medium     2.35M           N/A            
resnet_small                   small      224.2K          N/A            

SWINIR:
--------------------------------------------------------------------------------
Name                           Scale      Params          FLOPs          
--------------------------------------------------------------------------------
swinir_base                    base       326.6K          N/A            
swinir_large                   large      611.3K          N/A            
swinir_small                   small      138.1K          N/A            

UNET:
--------------------------------------------------------------------------------
Name                           Scale      Params          FLOPs          
--------------------------------------------------------------------------------
unet_dense                     large      17.19M          N/A            
unet_lite                      small      944.3K          N/A            
unet_standard                  base       8.78M           N/A            
================================================================================

2026-05-22 23:11:42,170 - __main__ - INFO - 
================================================================================
2026-05-22 23:11:42,170 - __main__ - INFO - Training model variant: hybrid_attention
2026-05-22 23:11:42,171 - __main__ - INFO - ================================================================================
2026-05-22 23:11:42,175 - utils.seed_utils - INFO - Reproducibility applied (seed=42, deterministic=True, benchmark=False)
2026-05-22 23:11:42,190 - utils.seed_utils - INFO - Reproducibility applied (seed=42, deterministic=True, benchmark=False)
2026-05-22 23:11:42,228 - utils.gpu_utils - INFO - GPU [NVIDIA GeForce GTX 1650:0] fp16 | alloc=0.0 MB reserved=0.0 MB peak=0.0 MB
2026-05-22 23:11:42,238 - utils.config_loader - INFO - Saved config snapshot: D:\ALPR_Research\outputs\experiments\20260522_231142_train_hybrid_attention\configs\config_snapshot.yaml
2026-05-22 23:11:43,142 - logging_utils.mlflow_logger - INFO - MLflow run started: experiment=mf_lpr2 run_id=0b2eceff1daa45b083d2903fe26ecae8 name=20260522_231142_train_hybrid_attention
2026-05-22 23:11:43,485 - logging_utils.tensorboard_logger - INFO - TensorBoard logging enabled: D:\ALPR_Research\outputs\experiments\20260522_231142_train_hybrid_attention\logs\tensorboard
2026-05-22 23:11:43,487 - logging_utils.experiment_manager - INFO - Experiment created: D:\ALPR_Research\outputs\experiments\20260522_231142_train_hybrid_attention
2026-05-22 23:11:43,490 - __main__ - ERROR - Failed to train hybrid_attention: 'dict' object has no attribute 'max_epochs' and no __dict__ for setting new attributes
2026-05-22 23:11:43,491 - __main__ - INFO - 
================================================================================
2026-05-22 23:11:43,491 - __main__ - INFO - TRAINING SUMMARY
2026-05-22 23:11:43,491 - __main__ - INFO - ================================================================================
2026-05-22 23:11:43,491 - __main__ - INFO - 
================================================================================
2026-05-22 23:11:43,491 - __main__ - INFO - Training completed successfully!
2026-05-22 23:11:43,492 - __main__ - INFO - ================================================================================
2026-05-22 23:12:17,288 - __main__ - INFO - ================================================================================
2026-05-22 23:12:17,288 - __main__ - INFO - Custom Restoration Model Training
2026-05-22 23:12:17,288 - __main__ - INFO - ================================================================================
2026-05-22 23:12:17,288 - __main__ - INFO - Device: cuda
2026-05-22 23:12:17,288 - __main__ - INFO - Seed: 42
2026-05-22 23:12:17,288 - __main__ - INFO - Initializing model registry...
2026-05-22 23:12:17,517 - __main__ - INFO - Loading config from: configs/train_restoration.yaml
2026-05-22 23:12:17,583 - __main__ - INFO - 
Model Registry Summary:
================================================================================

HYBRID:
--------------------------------------------------------------------------------
Name                           Scale      Params          FLOPs          
--------------------------------------------------------------------------------
hybrid_attention               base       1.79M           N/A            

RESNET:
--------------------------------------------------------------------------------
Name                           Scale      Params          FLOPs          
--------------------------------------------------------------------------------
resnet_medium                  medium     2.35M           N/A            
resnet_small                   small      224.2K          N/A            

SWINIR:
--------------------------------------------------------------------------------
Name                           Scale      Params          FLOPs          
--------------------------------------------------------------------------------
swinir_base                    base       326.6K          N/A            
swinir_large                   large      611.3K          N/A            
swinir_small                   small      138.1K          N/A            

UNET:
--------------------------------------------------------------------------------
Name                           Scale      Params          FLOPs          
--------------------------------------------------------------------------------
unet_dense                     large      17.19M          N/A            
unet_lite                      small      944.3K          N/A            
unet_standard                  base       8.78M           N/A            
================================================================================

2026-05-22 23:12:17,584 - __main__ - INFO - 
================================================================================
2026-05-22 23:12:17,584 - __main__ - INFO - Training model variant: hybrid_attention
2026-05-22 23:12:17,584 - __main__ - INFO - ================================================================================
2026-05-22 23:12:17,589 - utils.seed_utils - INFO - Reproducibility applied (seed=42, deterministic=True, benchmark=False)
2026-05-22 23:12:17,628 - utils.seed_utils - INFO - Reproducibility applied (seed=42, deterministic=True, benchmark=False)
2026-05-22 23:12:17,665 - utils.gpu_utils - INFO - GPU [NVIDIA GeForce GTX 1650:0] fp16 | alloc=0.0 MB reserved=0.0 MB peak=0.0 MB
2026-05-22 23:12:17,675 - utils.config_loader - INFO - Saved config snapshot: D:\ALPR_Research\outputs\experiments\20260522_231217_train_hybrid_attention\configs\config_snapshot.yaml
2026-05-22 23:12:18,553 - logging_utils.mlflow_logger - INFO - MLflow run started: experiment=mf_lpr2 run_id=c62b42828a2d403e924f2453cebcb011 name=20260522_231217_train_hybrid_attention
2026-05-22 23:12:18,868 - logging_utils.tensorboard_logger - INFO - TensorBoard logging enabled: D:\ALPR_Research\outputs\experiments\20260522_231217_train_hybrid_attention\logs\tensorboard
2026-05-22 23:12:18,870 - logging_utils.experiment_manager - INFO - Experiment created: D:\ALPR_Research\outputs\experiments\20260522_231217_train_hybrid_attention
2026-05-22 23:12:18,873 - __main__ - INFO - Building model: hybrid_attention
2026-05-22 23:12:18,895 - models.model_registry - INFO - Built model: hybrid_attention
2026-05-22 23:12:18,896 - __main__ - INFO - Model complexity: Params: 1.79M
2026-05-22 23:12:19,148 - engine.composite_lightning - INFO - Model complexity: Params: 1.79M
2026-05-22 23:12:19,148 - __main__ - INFO - Loading dataset with augmentation...
2026-05-22 23:12:19,430 - datasets.validators - INFO - RLPR validation passed: 200 samples, 200 labels
2026-05-22 23:12:19,437 - datasets.rlpr_dataset - INFO - RLPRDataset ready: 200 samples from D:\ALPR_Research\Realistic License Plate Restoration and Recognition Dataset (RLPR)
2026-05-22 23:12:19,652 - datasets.validators - INFO - RLPR validation passed: 200 samples, 200 labels
2026-05-22 23:12:19,659 - datasets.rlpr_dataset - INFO - RLPRDataset ready: 200 samples from D:\ALPR_Research\Realistic License Plate Restoration and Recognition Dataset (RLPR)
2026-05-22 23:12:19,659 - __main__ - INFO - Train samples: 160, Val samples: 40
2026-05-22 23:12:19,708 - __main__ - INFO - Starting training...
2026-05-22 23:12:20,612 - __main__ - ERROR - Failed to train hybrid_attention: `self.log(val/note, Mock CER from restoration metrics (SSIM/PSNR proxy). Real CER computed in Phase 6 with PARSeq OCR.)` was called, but `str` values cannot be logged
2026-05-22 23:12:20,692 - __main__ - INFO - 
================================================================================
2026-05-22 23:12:20,693 - __main__ - INFO - TRAINING SUMMARY
2026-05-22 23:12:20,693 - __main__ - INFO - ================================================================================
2026-05-22 23:12:20,693 - __main__ - INFO - 
================================================================================
2026-05-22 23:12:20,693 - __main__ - INFO - Training completed successfully!
2026-05-22 23:12:20,693 - __main__ - INFO - ================================================================================
2026-05-22 23:13:13,977 - __main__ - INFO - ================================================================================
2026-05-22 23:13:13,977 - __main__ - INFO - Custom Restoration Model Training
2026-05-22 23:13:13,977 - __main__ - INFO - ================================================================================
2026-05-22 23:13:13,977 - __main__ - INFO - Device: cuda
2026-05-22 23:13:13,977 - __main__ - INFO - Seed: 42
2026-05-22 23:13:13,977 - __main__ - INFO - Initializing model registry...
2026-05-22 23:13:14,216 - __main__ - INFO - Loading config from: configs/train_restoration.yaml
2026-05-22 23:13:14,287 - __main__ - INFO - 
Model Registry Summary:
================================================================================

HYBRID:
--------------------------------------------------------------------------------
Name                           Scale      Params          FLOPs          
--------------------------------------------------------------------------------
hybrid_attention               base       1.79M           N/A            

RESNET:
--------------------------------------------------------------------------------
Name                           Scale      Params          FLOPs          
--------------------------------------------------------------------------------
resnet_medium                  medium     2.35M           N/A            
resnet_small                   small      224.2K          N/A            

SWINIR:
--------------------------------------------------------------------------------
Name                           Scale      Params          FLOPs          
--------------------------------------------------------------------------------
swinir_base                    base       326.6K          N/A            
swinir_large                   large      611.3K          N/A            
swinir_small                   small      138.1K          N/A            

UNET:
--------------------------------------------------------------------------------
Name                           Scale      Params          FLOPs          
--------------------------------------------------------------------------------
unet_dense                     large      17.19M          N/A            
unet_lite                      small      944.3K          N/A            
unet_standard                  base       8.78M           N/A            
================================================================================

2026-05-22 23:13:14,287 - __main__ - INFO - 
================================================================================
2026-05-22 23:13:14,287 - __main__ - INFO - Training model variant: hybrid_attention
2026-05-22 23:13:14,287 - __main__ - INFO - ================================================================================
2026-05-22 23:13:14,293 - utils.seed_utils - INFO - Reproducibility applied (seed=42, deterministic=True, benchmark=False)
2026-05-22 23:13:14,318 - utils.seed_utils - INFO - Reproducibility applied (seed=42, deterministic=True, benchmark=False)
2026-05-22 23:13:14,360 - utils.gpu_utils - INFO - GPU [NVIDIA GeForce GTX 1650:0] fp16 | alloc=0.0 MB reserved=0.0 MB peak=0.0 MB
2026-05-22 23:13:14,369 - utils.config_loader - INFO - Saved config snapshot: D:\ALPR_Research\outputs\experiments\20260522_231314_train_hybrid_attention\configs\config_snapshot.yaml
2026-05-22 23:13:15,290 - logging_utils.mlflow_logger - INFO - MLflow run started: experiment=mf_lpr2 run_id=3ea8b470d01f4ad080a17a3d2db73221 name=20260522_231314_train_hybrid_attention
2026-05-22 23:13:15,610 - logging_utils.tensorboard_logger - INFO - TensorBoard logging enabled: D:\ALPR_Research\outputs\experiments\20260522_231314_train_hybrid_attention\logs\tensorboard
2026-05-22 23:13:15,612 - logging_utils.experiment_manager - INFO - Experiment created: D:\ALPR_Research\outputs\experiments\20260522_231314_train_hybrid_attention
2026-05-22 23:13:15,615 - __main__ - INFO - Building model: hybrid_attention
2026-05-22 23:13:15,635 - models.model_registry - INFO - Built model: hybrid_attention
2026-05-22 23:13:15,636 - __main__ - INFO - Model complexity: Params: 1.79M
2026-05-22 23:13:15,892 - engine.composite_lightning - INFO - Model complexity: Params: 1.79M
2026-05-22 23:13:15,893 - __main__ - INFO - Loading dataset with augmentation...
2026-05-22 23:13:16,155 - datasets.validators - INFO - RLPR validation passed: 200 samples, 200 labels
2026-05-22 23:13:16,162 - datasets.rlpr_dataset - INFO - RLPRDataset ready: 200 samples from D:\ALPR_Research\Realistic License Plate Restoration and Recognition Dataset (RLPR)
2026-05-22 23:13:16,390 - datasets.validators - INFO - RLPR validation passed: 200 samples, 200 labels
2026-05-22 23:13:16,403 - datasets.rlpr_dataset - INFO - RLPRDataset ready: 200 samples from D:\ALPR_Research\Realistic License Plate Restoration and Recognition Dataset (RLPR)
2026-05-22 23:13:16,404 - __main__ - INFO - Train samples: 160, Val samples: 40
2026-05-22 23:13:16,539 - __main__ - INFO - Starting training...
2026-05-22 23:14:46,576 - __main__ - ERROR - Failed to train hybrid_attention: If hue is a single number, it must be non negative.
2026-05-22 23:14:46,584 - __main__ - INFO - 
================================================================================
2026-05-22 23:14:46,584 - __main__ - INFO - TRAINING SUMMARY
2026-05-22 23:14:46,584 - __main__ - INFO - ================================================================================
2026-05-22 23:14:46,584 - __main__ - INFO - 
================================================================================
2026-05-22 23:14:46,584 - __main__ - INFO - Training completed successfully!
2026-05-22 23:14:46,584 - __main__ - INFO - ================================================================================
2026-05-22 23:15:21,612 - __main__ - INFO - ================================================================================
2026-05-22 23:15:21,612 - __main__ - INFO - Custom Restoration Model Training
2026-05-22 23:15:21,612 - __main__ - INFO - ================================================================================
2026-05-22 23:15:21,612 - __main__ - INFO - Device: cuda
2026-05-22 23:15:21,612 - __main__ - INFO - Seed: 42
2026-05-22 23:15:21,612 - __main__ - INFO - Initializing model registry...
2026-05-22 23:15:21,855 - __main__ - INFO - Loading config from: configs/train_restoration.yaml
2026-05-22 23:15:21,921 - __main__ - INFO - 
Model Registry Summary:
================================================================================

HYBRID:
--------------------------------------------------------------------------------
Name                           Scale      Params          FLOPs          
--------------------------------------------------------------------------------
hybrid_attention               base       1.79M           N/A            

RESNET:
--------------------------------------------------------------------------------
Name                           Scale      Params          FLOPs          
--------------------------------------------------------------------------------
resnet_medium                  medium     2.35M           N/A            
resnet_small                   small      224.2K          N/A            

SWINIR:
--------------------------------------------------------------------------------
Name                           Scale      Params          FLOPs          
--------------------------------------------------------------------------------
swinir_base                    base       326.6K          N/A            
swinir_large                   large      611.3K          N/A            
swinir_small                   small      138.1K          N/A            

UNET:
--------------------------------------------------------------------------------
Name                           Scale      Params          FLOPs          
--------------------------------------------------------------------------------
unet_dense                     large      17.19M          N/A            
unet_lite                      small      944.3K          N/A            
unet_standard                  base       8.78M           N/A            
================================================================================

2026-05-22 23:15:21,922 - __main__ - INFO - 
================================================================================
2026-05-22 23:15:21,922 - __main__ - INFO - Training model variant: hybrid_attention
2026-05-22 23:15:21,922 - __main__ - INFO - ================================================================================
2026-05-22 23:15:21,927 - utils.seed_utils - INFO - Reproducibility applied (seed=42, deterministic=True, benchmark=False)
2026-05-22 23:15:21,970 - utils.seed_utils - INFO - Reproducibility applied (seed=42, deterministic=True, benchmark=False)
2026-05-22 23:15:22,018 - utils.gpu_utils - INFO - GPU [NVIDIA GeForce GTX 1650:0] fp16 | alloc=0.0 MB reserved=0.0 MB peak=0.0 MB
2026-05-22 23:15:22,031 - utils.config_loader - INFO - Saved config snapshot: D:\ALPR_Research\outputs\experiments\20260522_231521_train_hybrid_attention\configs\config_snapshot.yaml
2026-05-22 23:15:22,961 - logging_utils.mlflow_logger - INFO - MLflow run started: experiment=mf_lpr2 run_id=7316b864a98b4775b476b0da4f052e7b name=20260522_231521_train_hybrid_attention
2026-05-22 23:15:23,287 - logging_utils.tensorboard_logger - INFO - TensorBoard logging enabled: D:\ALPR_Research\outputs\experiments\20260522_231521_train_hybrid_attention\logs\tensorboard
2026-05-22 23:15:23,289 - logging_utils.experiment_manager - INFO - Experiment created: D:\ALPR_Research\outputs\experiments\20260522_231521_train_hybrid_attention
2026-05-22 23:15:23,292 - __main__ - INFO - Building model: hybrid_attention
2026-05-22 23:15:23,312 - models.model_registry - INFO - Built model: hybrid_attention
2026-05-22 23:15:23,314 - __main__ - INFO - Model complexity: Params: 1.79M
2026-05-22 23:15:23,584 - engine.composite_lightning - INFO - Model complexity: Params: 1.79M
2026-05-22 23:15:23,584 - __main__ - INFO - Loading dataset with augmentation...
2026-05-22 23:15:23,872 - datasets.validators - INFO - RLPR validation passed: 200 samples, 200 labels
2026-05-22 23:15:23,879 - datasets.rlpr_dataset - INFO - RLPRDataset ready: 200 samples from D:\ALPR_Research\Realistic License Plate Restoration and Recognition Dataset (RLPR)
2026-05-22 23:15:24,102 - datasets.validators - INFO - RLPR validation passed: 200 samples, 200 labels
2026-05-22 23:15:24,109 - datasets.rlpr_dataset - INFO - RLPRDataset ready: 200 samples from D:\ALPR_Research\Realistic License Plate Restoration and Recognition Dataset (RLPR)
2026-05-22 23:15:24,109 - __main__ - INFO - Train samples: 160, Val samples: 40
2026-05-22 23:15:24,164 - __main__ - INFO - Starting training...
2026-05-22 23:17:31,214 - __main__ - ERROR - Failed to train hybrid_attention: CUDA out of memory. Tried to allocate 2.17 GiB. GPU 0 has a total capacity of 4.00 GiB of which 0 bytes is free. Of the allocated memory 13.75 GiB is allocated by PyTorch, and 38.85 MiB is reserved by PyTorch but unallocated. If reserved but unallocated memory is large try setting PYTORCH_CUDA_ALLOC_CONF=expandable_segments:True to avoid fragmentation.  See documentation for Memory Management  (https://docs.pytorch.org/docs/stable/notes/cuda.html#optimizing-memory-usage-with-pytorch-cuda-alloc-conf)
2026-05-22 23:17:31,452 - __main__ - INFO - 
================================================================================
2026-05-22 23:17:31,452 - __main__ - INFO - TRAINING SUMMARY
2026-05-22 23:17:31,452 - __main__ - INFO - ================================================================================
2026-05-22 23:17:31,452 - __main__ - INFO - 
================================================================================
2026-05-22 23:17:31,452 - __main__ - INFO - Training completed successfully!
2026-05-22 23:17:31,453 - __main__ - INFO - ================================================================================
2026-05-22 23:38:17,893 - __main__ - INFO - ================================================================================
2026-05-22 23:38:17,893 - __main__ - INFO - Custom Restoration Model Training
2026-05-22 23:38:17,893 - __main__ - INFO - ================================================================================
2026-05-22 23:38:17,893 - __main__ - INFO - Device: cuda
2026-05-22 23:38:17,893 - __main__ - INFO - Seed: 42
2026-05-22 23:38:17,893 - __main__ - INFO - Initializing model registry...
2026-05-22 23:38:18,139 - __main__ - INFO - Loading config from: configs/train_restoration.yaml
2026-05-22 23:38:18,209 - __main__ - INFO - 
Model Registry Summary:
================================================================================

HYBRID:
--------------------------------------------------------------------------------
Name                           Scale      Params          FLOPs          
--------------------------------------------------------------------------------
hybrid_attention               base       1.79M           N/A            

RESNET:
--------------------------------------------------------------------------------
Name                           Scale      Params          FLOPs          
--------------------------------------------------------------------------------
resnet_medium                  medium     2.35M           N/A            
resnet_small                   small      224.2K          N/A            

SWINIR:
--------------------------------------------------------------------------------
Name                           Scale      Params          FLOPs          
--------------------------------------------------------------------------------
swinir_base                    base       326.6K          N/A            
swinir_large                   large      611.3K          N/A            
swinir_small                   small      138.1K          N/A            

UNET:
--------------------------------------------------------------------------------
Name                           Scale      Params          FLOPs          
--------------------------------------------------------------------------------
unet_dense                     large      17.19M          N/A            
unet_lite                      small      944.3K          N/A            
unet_standard                  base       8.78M           N/A            
================================================================================

2026-05-22 23:38:18,209 - __main__ - INFO - 
================================================================================
2026-05-22 23:38:18,209 - __main__ - INFO - Training model variant: swinir_base
2026-05-22 23:38:18,209 - __main__ - INFO - ================================================================================
2026-05-22 23:38:18,217 - utils.seed_utils - INFO - Reproducibility applied (seed=42, deterministic=True, benchmark=False)
2026-05-22 23:38:18,230 - utils.seed_utils - INFO - Reproducibility applied (seed=42, deterministic=True, benchmark=False)
2026-05-22 23:38:18,307 - utils.gpu_utils - INFO - GPU [NVIDIA GeForce GTX 1650:0] fp16 | alloc=0.0 MB reserved=0.0 MB peak=0.0 MB
2026-05-22 23:38:18,319 - utils.config_loader - INFO - Saved config snapshot: D:\ALPR_Research\outputs\experiments\20260522_233818_train_swinir_base\configs\config_snapshot.yaml
2026-05-22 23:38:19,601 - logging_utils.mlflow_logger - INFO - MLflow run started: experiment=mf_lpr2 run_id=32f8d8b001674ec786a11a93a89da2eb name=20260522_233818_train_swinir_base
2026-05-22 23:38:19,939 - logging_utils.tensorboard_logger - INFO - TensorBoard logging enabled: D:\ALPR_Research\outputs\experiments\20260522_233818_train_swinir_base\logs\tensorboard
2026-05-22 23:38:19,941 - logging_utils.experiment_manager - INFO - Experiment created: D:\ALPR_Research\outputs\experiments\20260522_233818_train_swinir_base
2026-05-22 23:38:19,945 - __main__ - INFO - Building model: swinir_base
2026-05-22 23:38:19,951 - models.model_registry - INFO - Built model: swinir_base
2026-05-22 23:38:19,952 - __main__ - INFO - Model complexity: Params: 326.6K
2026-05-22 23:38:19,987 - engine.composite_lightning - INFO - Model complexity: Params: 326.6K
2026-05-22 23:38:19,987 - __main__ - INFO - Loading dataset with augmentation...
2026-05-22 23:38:20,236 - datasets.validators - INFO - RLPR validation passed: 200 samples, 200 labels
2026-05-22 23:38:20,243 - datasets.rlpr_dataset - INFO - RLPRDataset ready: 200 samples from D:\ALPR_Research\Realistic License Plate Restoration and Recognition Dataset (RLPR)
2026-05-22 23:38:20,676 - datasets.validators - INFO - RLPR validation passed: 200 samples, 200 labels
2026-05-22 23:38:20,683 - datasets.rlpr_dataset - INFO - RLPRDataset ready: 200 samples from D:\ALPR_Research\Realistic License Plate Restoration and Recognition Dataset (RLPR)
2026-05-22 23:38:20,684 - __main__ - INFO - Train samples: 160, Val samples: 40
2026-05-22 23:38:20,740 - __main__ - INFO - Starting training...
2026-05-22 23:38:21,746 - __main__ - ERROR - Failed to train swinir_base: Expected 3D (unbatched) or 4D (batched) input to conv2d, but got input of size: [1, 1, 3, 52, 232]
2026-05-22 23:38:21,758 - __main__ - INFO - 
================================================================================
2026-05-22 23:38:21,758 - __main__ - INFO - TRAINING SUMMARY
2026-05-22 23:38:21,759 - __main__ - INFO - ================================================================================
2026-05-22 23:38:21,759 - __main__ - INFO - 
================================================================================
2026-05-22 23:38:21,759 - __main__ - INFO - Training completed successfully!
2026-05-22 23:38:21,759 - __main__ - INFO - ================================================================================
2026-05-22 23:40:01,011 - __main__ - INFO - ================================================================================
2026-05-22 23:40:01,011 - __main__ - INFO - Custom Restoration Model Training
2026-05-22 23:40:01,012 - __main__ - INFO - ================================================================================
2026-05-22 23:40:01,012 - __main__ - INFO - Device: cuda
2026-05-22 23:40:01,012 - __main__ - INFO - Seed: 42
2026-05-22 23:40:01,012 - __main__ - INFO - Initializing model registry...
2026-05-22 23:40:01,256 - __main__ - INFO - Loading config from: configs/train_restoration.yaml
2026-05-22 23:40:01,323 - __main__ - INFO - 
Model Registry Summary:
================================================================================

HYBRID:
--------------------------------------------------------------------------------
Name                           Scale      Params          FLOPs          
--------------------------------------------------------------------------------
hybrid_attention               base       1.79M           N/A            

RESNET:
--------------------------------------------------------------------------------
Name                           Scale      Params          FLOPs          
--------------------------------------------------------------------------------
resnet_medium                  medium     2.35M           N/A            
resnet_small                   small      224.2K          N/A            

SWINIR:
--------------------------------------------------------------------------------
Name                           Scale      Params          FLOPs          
--------------------------------------------------------------------------------
swinir_base                    base       326.6K          N/A            
swinir_large                   large      611.3K          N/A            
swinir_small                   small      138.1K          N/A            

UNET:
--------------------------------------------------------------------------------
Name                           Scale      Params          FLOPs          
--------------------------------------------------------------------------------
unet_dense                     large      17.19M          N/A            
unet_lite                      small      944.3K          N/A            
unet_standard                  base       8.78M           N/A            
================================================================================

2026-05-22 23:40:01,324 - __main__ - INFO - 
================================================================================
2026-05-22 23:40:01,324 - __main__ - INFO - Training model variant: swinir_base
2026-05-22 23:40:01,324 - __main__ - INFO - ================================================================================
2026-05-22 23:40:01,328 - utils.seed_utils - INFO - Reproducibility applied (seed=42, deterministic=True, benchmark=False)
2026-05-22 23:40:01,368 - utils.seed_utils - INFO - Reproducibility applied (seed=42, deterministic=True, benchmark=False)
2026-05-22 23:40:01,413 - utils.gpu_utils - INFO - GPU [NVIDIA GeForce GTX 1650:0] fp16 | alloc=0.0 MB reserved=0.0 MB peak=0.0 MB
2026-05-22 23:40:01,425 - utils.config_loader - INFO - Saved config snapshot: D:\ALPR_Research\outputs\experiments\20260522_234001_train_swinir_base\configs\config_snapshot.yaml
2026-05-22 23:40:02,490 - logging_utils.mlflow_logger - INFO - MLflow run started: experiment=mf_lpr2 run_id=545f7a03fc38453e9dc344efe455b765 name=20260522_234001_train_swinir_base
2026-05-22 23:40:02,823 - logging_utils.tensorboard_logger - INFO - TensorBoard logging enabled: D:\ALPR_Research\outputs\experiments\20260522_234001_train_swinir_base\logs\tensorboard
2026-05-22 23:40:02,825 - logging_utils.experiment_manager - INFO - Experiment created: D:\ALPR_Research\outputs\experiments\20260522_234001_train_swinir_base
2026-05-22 23:40:02,829 - __main__ - INFO - Building model: swinir_base
2026-05-22 23:40:02,835 - models.model_registry - INFO - Built model: swinir_base
2026-05-22 23:40:02,836 - __main__ - INFO - Model complexity: Params: 326.6K
2026-05-22 23:40:02,868 - engine.composite_lightning - INFO - Model complexity: Params: 326.6K
2026-05-22 23:40:02,868 - __main__ - INFO - Loading dataset with augmentation...
2026-05-22 23:40:03,123 - datasets.validators - INFO - RLPR validation passed: 200 samples, 200 labels
2026-05-22 23:40:03,130 - datasets.rlpr_dataset - INFO - RLPRDataset ready: 200 samples from D:\ALPR_Research\Realistic License Plate Restoration and Recognition Dataset (RLPR)
2026-05-22 23:40:03,541 - datasets.validators - INFO - RLPR validation passed: 200 samples, 200 labels
2026-05-22 23:40:03,547 - datasets.rlpr_dataset - INFO - RLPRDataset ready: 200 samples from D:\ALPR_Research\Realistic License Plate Restoration and Recognition Dataset (RLPR)
2026-05-22 23:40:03,548 - __main__ - INFO - Train samples: 160, Val samples: 40
2026-05-22 23:40:03,599 - __main__ - INFO - Starting training...
2026-05-22 23:40:04,461 - __main__ - ERROR - Failed to train swinir_base: module 'torch.nn.functional' has no attribute 'gaussian_blur'
2026-05-22 23:40:04,467 - __main__ - INFO - 
================================================================================
2026-05-22 23:40:04,467 - __main__ - INFO - TRAINING SUMMARY
2026-05-22 23:40:04,467 - __main__ - INFO - ================================================================================
2026-05-22 23:40:04,467 - __main__ - INFO - 
================================================================================
2026-05-22 23:40:04,467 - __main__ - INFO - Training completed successfully!
2026-05-22 23:40:04,467 - __main__ - INFO - ================================================================================
2026-05-22 23:40:47,579 - __main__ - INFO - ================================================================================
2026-05-22 23:40:47,579 - __main__ - INFO - Custom Restoration Model Training
2026-05-22 23:40:47,580 - __main__ - INFO - ================================================================================
2026-05-22 23:40:47,580 - __main__ - INFO - Device: cuda
2026-05-22 23:40:47,580 - __main__ - INFO - Seed: 42
2026-05-22 23:40:47,580 - __main__ - INFO - Initializing model registry...
2026-05-22 23:40:47,920 - __main__ - INFO - Loading config from: configs/train_restoration.yaml
2026-05-22 23:40:47,999 - __main__ - INFO - 
Model Registry Summary:
================================================================================

HYBRID:
--------------------------------------------------------------------------------
Name                           Scale      Params          FLOPs          
--------------------------------------------------------------------------------
hybrid_attention               base       1.79M           N/A            

RESNET:
--------------------------------------------------------------------------------
Name                           Scale      Params          FLOPs          
--------------------------------------------------------------------------------
resnet_medium                  medium     2.35M           N/A            
resnet_small                   small      224.2K          N/A            

SWINIR:
--------------------------------------------------------------------------------
Name                           Scale      Params          FLOPs          
--------------------------------------------------------------------------------
swinir_base                    base       326.6K          N/A            
swinir_large                   large      611.3K          N/A            
swinir_small                   small      138.1K          N/A            

UNET:
--------------------------------------------------------------------------------
Name                           Scale      Params          FLOPs          
--------------------------------------------------------------------------------
unet_dense                     large      17.19M          N/A            
unet_lite                      small      944.3K          N/A            
unet_standard                  base       8.78M           N/A            
================================================================================

2026-05-22 23:40:47,999 - __main__ - INFO - 
================================================================================
2026-05-22 23:40:47,999 - __main__ - INFO - Training model variant: swinir_base
2026-05-22 23:40:47,999 - __main__ - INFO - ================================================================================
2026-05-22 23:40:48,004 - utils.seed_utils - INFO - Reproducibility applied (seed=42, deterministic=True, benchmark=False)
2026-05-22 23:40:48,046 - utils.seed_utils - INFO - Reproducibility applied (seed=42, deterministic=True, benchmark=False)
2026-05-22 23:40:48,087 - utils.gpu_utils - INFO - GPU [NVIDIA GeForce GTX 1650:0] fp16 | alloc=0.0 MB reserved=0.0 MB peak=0.0 MB
2026-05-22 23:40:48,101 - utils.config_loader - INFO - Saved config snapshot: D:\ALPR_Research\outputs\experiments\20260522_234048_train_swinir_base\configs\config_snapshot.yaml
2026-05-22 23:40:49,171 - logging_utils.mlflow_logger - INFO - MLflow run started: experiment=mf_lpr2 run_id=a42accae1b4e4c25838426ca8213ad45 name=20260522_234048_train_swinir_base
2026-05-22 23:40:49,604 - logging_utils.tensorboard_logger - INFO - TensorBoard logging enabled: D:\ALPR_Research\outputs\experiments\20260522_234048_train_swinir_base\logs\tensorboard
2026-05-22 23:40:49,606 - logging_utils.experiment_manager - INFO - Experiment created: D:\ALPR_Research\outputs\experiments\20260522_234048_train_swinir_base
2026-05-22 23:40:49,610 - __main__ - INFO - Building model: swinir_base
2026-05-22 23:40:49,619 - models.model_registry - INFO - Built model: swinir_base
2026-05-22 23:40:49,621 - __main__ - INFO - Model complexity: Params: 326.6K
2026-05-22 23:40:49,677 - engine.composite_lightning - INFO - Model complexity: Params: 326.6K
2026-05-22 23:40:49,677 - __main__ - INFO - Loading dataset with augmentation...
2026-05-22 23:40:49,949 - datasets.validators - INFO - RLPR validation passed: 200 samples, 200 labels
2026-05-22 23:40:49,960 - datasets.rlpr_dataset - INFO - RLPRDataset ready: 200 samples from D:\ALPR_Research\Realistic License Plate Restoration and Recognition Dataset (RLPR)
2026-05-22 23:40:50,467 - datasets.validators - INFO - RLPR validation passed: 200 samples, 200 labels
2026-05-22 23:40:50,476 - datasets.rlpr_dataset - INFO - RLPRDataset ready: 200 samples from D:\ALPR_Research\Realistic License Plate Restoration and Recognition Dataset (RLPR)
2026-05-22 23:40:50,476 - __main__ - INFO - Train samples: 160, Val samples: 40
2026-05-22 23:40:50,544 - __main__ - INFO - Starting training...
2026-05-23 00:01:44,352 - __main__ - INFO - Exporting training metrics...
2026-05-23 00:01:44,353 - __main__ - WARNING - Failed to export metrics: 'charmap' codec can't encode character '\u2713' in position 0: character maps to <undefined>
2026-05-23 00:01:44,355 - __main__ - INFO -   Best checkpoint: D:\ALPR_Research\outputs\experiments\20260522_234048_train_swinir_base\checkpoints\best-epoch=39-val_psnr=15.026.ckpt
2026-05-23 00:01:44,355 - __main__ - INFO -   Experiment dir: D:\ALPR_Research\outputs\experiments\20260522_234048_train_swinir_base
2026-05-23 00:01:44,370 - __main__ - INFO - 
================================================================================
2026-05-23 00:01:44,370 - __main__ - INFO - TRAINING SUMMARY
2026-05-23 00:01:44,370 - __main__ - INFO - ================================================================================
2026-05-23 00:01:44,371 - __main__ - INFO - 
Model: swinir_base
2026-05-23 00:01:44,371 - __main__ - INFO -   Params: 326.6K
2026-05-23 00:01:44,371 - __main__ - INFO -   Best checkpoint: best-epoch=39-val_psnr=15.026.ckpt
2026-05-23 00:01:44,371 - __main__ - INFO - 
================================================================================
2026-05-23 00:01:44,371 - __main__ - INFO - Training completed successfully!
2026-05-23 00:01:44,371 - __main__ - INFO - ================================================================================
2026-05-23 00:02:32,482 - __main__ - INFO - ================================================================================
2026-05-23 00:02:32,482 - __main__ - INFO - Custom Restoration Model Training
2026-05-23 00:02:32,482 - __main__ - INFO - ================================================================================
2026-05-23 00:02:32,482 - __main__ - INFO - Device: cuda
2026-05-23 00:02:32,482 - __main__ - INFO - Seed: 42
2026-05-23 00:02:32,482 - __main__ - INFO - Initializing model registry...
2026-05-23 00:02:32,717 - __main__ - INFO - Loading config from: configs/train_restoration.yaml
2026-05-23 00:02:32,785 - __main__ - INFO - 
Model Registry Summary:
================================================================================

HYBRID:
--------------------------------------------------------------------------------
Name                           Scale      Params          FLOPs          
--------------------------------------------------------------------------------
hybrid_attention               base       1.79M           N/A            

RESNET:
--------------------------------------------------------------------------------
Name                           Scale      Params          FLOPs          
--------------------------------------------------------------------------------
resnet_medium                  medium     2.35M           N/A            
resnet_small                   small      224.2K          N/A            

SWINIR:
--------------------------------------------------------------------------------
Name                           Scale      Params          FLOPs          
--------------------------------------------------------------------------------
swinir_base                    base       326.6K          N/A            
swinir_large                   large      611.3K          N/A            
swinir_small                   small      138.1K          N/A            

UNET:
--------------------------------------------------------------------------------
Name                           Scale      Params          FLOPs          
--------------------------------------------------------------------------------
unet_dense                     large      17.19M          N/A            
unet_lite                      small      944.3K          N/A            
unet_standard                  base       8.78M           N/A            
================================================================================

2026-05-23 00:02:32,785 - __main__ - INFO - 
================================================================================
2026-05-23 00:02:32,785 - __main__ - INFO - Training model variant: swinir_large
2026-05-23 00:02:32,785 - __main__ - INFO - ================================================================================
2026-05-23 00:02:32,790 - utils.seed_utils - INFO - Reproducibility applied (seed=42, deterministic=True, benchmark=False)
2026-05-23 00:02:32,805 - utils.seed_utils - INFO - Reproducibility applied (seed=42, deterministic=True, benchmark=False)
2026-05-23 00:02:32,844 - utils.gpu_utils - INFO - GPU [NVIDIA GeForce GTX 1650:0] fp16 | alloc=0.0 MB reserved=0.0 MB peak=0.0 MB
2026-05-23 00:02:32,854 - utils.config_loader - INFO - Saved config snapshot: D:\ALPR_Research\outputs\experiments\20260523_000232_train_swinir_large\configs\config_snapshot.yaml
2026-05-23 00:02:33,787 - logging_utils.mlflow_logger - INFO - MLflow run started: experiment=mf_lpr2 run_id=7d59138f57b143888b39e34c799a1118 name=20260523_000232_train_swinir_large
2026-05-23 00:02:34,116 - logging_utils.tensorboard_logger - INFO - TensorBoard logging enabled: D:\ALPR_Research\outputs\experiments\20260523_000232_train_swinir_large\logs\tensorboard
2026-05-23 00:02:34,118 - logging_utils.experiment_manager - INFO - Experiment created: D:\ALPR_Research\outputs\experiments\20260523_000232_train_swinir_large
2026-05-23 00:02:34,121 - __main__ - INFO - Building model: swinir_large
2026-05-23 00:02:34,130 - models.model_registry - INFO - Built model: swinir_large
2026-05-23 00:02:34,131 - __main__ - INFO - Model complexity: Params: 611.3K
2026-05-23 00:02:34,170 - engine.composite_lightning - INFO - Model complexity: Params: 611.3K
2026-05-23 00:02:34,170 - __main__ - INFO - Loading dataset with augmentation...
2026-05-23 00:02:34,436 - datasets.validators - INFO - RLPR validation passed: 200 samples, 200 labels
2026-05-23 00:02:34,443 - datasets.rlpr_dataset - INFO - RLPRDataset ready: 200 samples from D:\ALPR_Research\Realistic License Plate Restoration and Recognition Dataset (RLPR)
2026-05-23 00:02:34,830 - datasets.validators - INFO - RLPR validation passed: 200 samples, 200 labels
2026-05-23 00:02:34,836 - datasets.rlpr_dataset - INFO - RLPRDataset ready: 200 samples from D:\ALPR_Research\Realistic License Plate Restoration and Recognition Dataset (RLPR)
2026-05-23 00:02:34,837 - __main__ - INFO - Train samples: 160, Val samples: 40
2026-05-23 00:02:34,887 - __main__ - INFO - Starting training...
2026-05-23 01:16:57,255 - __main__ - INFO - ================================================================================
2026-05-23 01:16:57,255 - __main__ - INFO - Custom Restoration Model Training
2026-05-23 01:16:57,255 - __main__ - INFO - ================================================================================
2026-05-23 01:16:57,255 - __main__ - INFO - Device: cuda
2026-05-23 01:16:57,256 - __main__ - INFO - Seed: 42
2026-05-23 01:16:57,256 - __main__ - INFO - Initializing model registry...
2026-05-23 01:16:57,513 - __main__ - INFO - Loading config from: configs/train_restoration.yaml
2026-05-23 01:16:57,587 - __main__ - INFO - 
Model Registry Summary:
================================================================================

HYBRID:
--------------------------------------------------------------------------------
Name                           Scale      Params          FLOPs          
--------------------------------------------------------------------------------
hybrid_attention               base       1.79M           N/A            

RESNET:
--------------------------------------------------------------------------------
Name                           Scale      Params          FLOPs          
--------------------------------------------------------------------------------
resnet_medium                  medium     2.35M           N/A            
resnet_small                   small      224.2K          N/A            

SWINIR:
--------------------------------------------------------------------------------
Name                           Scale      Params          FLOPs          
--------------------------------------------------------------------------------
swinir_base                    base       326.6K          N/A            
swinir_large                   large      611.3K          N/A            
swinir_small                   small      138.1K          N/A            

UNET:
--------------------------------------------------------------------------------
Name                           Scale      Params          FLOPs          
--------------------------------------------------------------------------------
unet_dense                     large      17.19M          N/A            
unet_lite                      small      944.3K          N/A            
unet_standard                  base       8.78M           N/A            
================================================================================

2026-05-23 01:16:57,588 - __main__ - INFO - 
================================================================================
2026-05-23 01:16:57,588 - __main__ - INFO - Training model variant: unet_lite
2026-05-23 01:16:57,588 - __main__ - INFO - ================================================================================
2026-05-23 01:16:57,598 - utils.seed_utils - INFO - Reproducibility applied (seed=42, deterministic=True, benchmark=False)
2026-05-23 01:16:57,614 - utils.seed_utils - INFO - Reproducibility applied (seed=42, deterministic=True, benchmark=False)
2026-05-23 01:16:57,666 - utils.gpu_utils - INFO - GPU [NVIDIA GeForce GTX 1650:0] fp16 | alloc=0.0 MB reserved=0.0 MB peak=0.0 MB
2026-05-23 01:16:57,678 - utils.config_loader - INFO - Saved config snapshot: D:\ALPR_Research\outputs\experiments\20260523_011657_train_unet_lite\configs\config_snapshot.yaml
2026-05-23 01:16:59,047 - logging_utils.mlflow_logger - INFO - MLflow run started: experiment=mf_lpr2 run_id=2db7b6ec0e18487bac98906c8965eaaa name=20260523_011657_train_unet_lite
2026-05-23 01:16:59,422 - logging_utils.tensorboard_logger - INFO - TensorBoard logging enabled: D:\ALPR_Research\outputs\experiments\20260523_011657_train_unet_lite\logs\tensorboard
2026-05-23 01:16:59,425 - logging_utils.experiment_manager - INFO - Experiment created: D:\ALPR_Research\outputs\experiments\20260523_011657_train_unet_lite
2026-05-23 01:16:59,430 - __main__ - INFO - Building model: unet_lite
2026-05-23 01:16:59,441 - models.model_registry - INFO - Built model: unet_lite
2026-05-23 01:16:59,442 - __main__ - INFO - Model complexity: Params: 944.3K
2026-05-23 01:16:59,474 - engine.composite_lightning - INFO - Model complexity: Params: 944.3K
2026-05-23 01:16:59,475 - __main__ - INFO - Loading dataset with augmentation...
2026-05-23 01:16:59,740 - datasets.validators - INFO - RLPR validation passed: 200 samples, 200 labels
2026-05-23 01:16:59,748 - datasets.rlpr_dataset - INFO - RLPRDataset ready: 200 samples from D:\ALPR_Research\Realistic License Plate Restoration and Recognition Dataset (RLPR)
2026-05-23 01:16:59,976 - datasets.validators - INFO - RLPR validation passed: 200 samples, 200 labels
2026-05-23 01:16:59,984 - datasets.rlpr_dataset - INFO - RLPRDataset ready: 200 samples from D:\ALPR_Research\Realistic License Plate Restoration and Recognition Dataset (RLPR)
2026-05-23 01:16:59,985 - __main__ - INFO - Train samples: 160, Val samples: 40
2026-05-23 01:17:00,240 - __main__ - INFO - Starting training...
2026-05-23 01:17:01,102 - __main__ - ERROR - Failed to train unet_lite: Sizes of tensors must match except in dimension 1. Expected size 138 but got size 139 for tensor number 1 in the list.
2026-05-23 01:17:01,113 - __main__ - INFO - 
================================================================================
2026-05-23 01:17:01,114 - __main__ - INFO - TRAINING SUMMARY
2026-05-23 01:17:01,114 - __main__ - INFO - ================================================================================
2026-05-23 01:17:01,114 - __main__ - INFO - 
================================================================================
2026-05-23 01:17:01,114 - __main__ - INFO - Training completed successfully!
2026-05-23 01:17:01,114 - __main__ - INFO - ================================================================================
2026-05-23 01:18:23,199 - __main__ - INFO - ================================================================================
2026-05-23 01:18:23,199 - __main__ - INFO - Custom Restoration Model Training
2026-05-23 01:18:23,200 - __main__ - INFO - ================================================================================
2026-05-23 01:18:23,200 - __main__ - INFO - Device: cuda
2026-05-23 01:18:23,200 - __main__ - INFO - Seed: 42
2026-05-23 01:18:23,200 - __main__ - INFO - Initializing model registry...
2026-05-23 01:18:23,514 - __main__ - INFO - Loading config from: configs/train_restoration.yaml
2026-05-23 01:18:23,585 - __main__ - INFO - 
Model Registry Summary:
================================================================================

HYBRID:
--------------------------------------------------------------------------------
Name                           Scale      Params          FLOPs          
--------------------------------------------------------------------------------
hybrid_attention               base       1.79M           N/A            

RESNET:
--------------------------------------------------------------------------------
Name                           Scale      Params          FLOPs          
--------------------------------------------------------------------------------
resnet_medium                  medium     2.35M           N/A            
resnet_small                   small      224.2K          N/A            

SWINIR:
--------------------------------------------------------------------------------
Name                           Scale      Params          FLOPs          
--------------------------------------------------------------------------------
swinir_base                    base       326.6K          N/A            
swinir_large                   large      611.3K          N/A            
swinir_small                   small      138.1K          N/A            

UNET:
--------------------------------------------------------------------------------
Name                           Scale      Params          FLOPs          
--------------------------------------------------------------------------------
unet_dense                     large      17.19M          N/A            
unet_lite                      small      944.3K          N/A            
unet_standard                  base       8.78M           N/A            
================================================================================

2026-05-23 01:18:23,585 - __main__ - INFO - 
================================================================================
2026-05-23 01:18:23,586 - __main__ - INFO - Training model variant: unet_lite
2026-05-23 01:18:23,586 - __main__ - INFO - ================================================================================
2026-05-23 01:18:23,592 - utils.seed_utils - INFO - Reproducibility applied (seed=42, deterministic=True, benchmark=False)
2026-05-23 01:18:23,611 - utils.seed_utils - INFO - Reproducibility applied (seed=42, deterministic=True, benchmark=False)
2026-05-23 01:18:23,655 - utils.gpu_utils - INFO - GPU [NVIDIA GeForce GTX 1650:0] fp16 | alloc=0.0 MB reserved=0.0 MB peak=0.0 MB
2026-05-23 01:18:23,665 - utils.config_loader - INFO - Saved config snapshot: D:\ALPR_Research\outputs\experiments\20260523_011823_train_unet_lite\configs\config_snapshot.yaml
2026-05-23 01:18:24,683 - logging_utils.mlflow_logger - INFO - MLflow run started: experiment=mf_lpr2 run_id=822b9e32369b4ee1b41e73854d295182 name=20260523_011823_train_unet_lite
2026-05-23 01:18:25,042 - logging_utils.tensorboard_logger - INFO - TensorBoard logging enabled: D:\ALPR_Research\outputs\experiments\20260523_011823_train_unet_lite\logs\tensorboard
2026-05-23 01:18:25,044 - logging_utils.experiment_manager - INFO - Experiment created: D:\ALPR_Research\outputs\experiments\20260523_011823_train_unet_lite
2026-05-23 01:18:25,048 - __main__ - INFO - Building model: unet_lite
2026-05-23 01:18:25,056 - models.model_registry - INFO - Built model: unet_lite
2026-05-23 01:18:25,057 - __main__ - INFO - Model complexity: Params: 944.3K
2026-05-23 01:18:25,090 - engine.composite_lightning - INFO - Model complexity: Params: 944.3K
2026-05-23 01:18:25,090 - __main__ - INFO - Loading dataset with augmentation...
2026-05-23 01:18:25,340 - datasets.validators - INFO - RLPR validation passed: 200 samples, 200 labels
2026-05-23 01:18:25,348 - datasets.rlpr_dataset - INFO - RLPRDataset ready: 200 samples from D:\ALPR_Research\Realistic License Plate Restoration and Recognition Dataset (RLPR)
2026-05-23 01:18:25,573 - datasets.validators - INFO - RLPR validation passed: 200 samples, 200 labels
2026-05-23 01:18:25,579 - datasets.rlpr_dataset - INFO - RLPRDataset ready: 200 samples from D:\ALPR_Research\Realistic License Plate Restoration and Recognition Dataset (RLPR)
2026-05-23 01:18:25,580 - __main__ - INFO - Train samples: 160, Val samples: 40
2026-05-23 01:18:46,091 - __main__ - INFO - ================================================================================
2026-05-23 01:18:46,091 - __main__ - INFO - Custom Restoration Model Training
2026-05-23 01:18:46,091 - __main__ - INFO - ================================================================================
2026-05-23 01:18:46,092 - __main__ - INFO - Device: cuda
2026-05-23 01:18:46,092 - __main__ - INFO - Seed: 42
2026-05-23 01:18:46,092 - __main__ - INFO - Initializing model registry...
2026-05-23 01:18:46,340 - __main__ - INFO - Loading config from: configs/train_restoration.yaml
2026-05-23 01:18:46,408 - __main__ - INFO - 
Model Registry Summary:
================================================================================

HYBRID:
--------------------------------------------------------------------------------
Name                           Scale      Params          FLOPs          
--------------------------------------------------------------------------------
hybrid_attention               base       1.79M           N/A            

RESNET:
--------------------------------------------------------------------------------
Name                           Scale      Params          FLOPs          
--------------------------------------------------------------------------------
resnet_medium                  medium     2.35M           N/A            
resnet_small                   small      224.2K          N/A            

SWINIR:
--------------------------------------------------------------------------------
Name                           Scale      Params          FLOPs          
--------------------------------------------------------------------------------
swinir_base                    base       326.6K          N/A            
swinir_large                   large      611.3K          N/A            
swinir_small                   small      138.1K          N/A            

UNET:
--------------------------------------------------------------------------------
Name                           Scale      Params          FLOPs          
--------------------------------------------------------------------------------
unet_dense                     large      17.19M          N/A            
unet_lite                      small      944.3K          N/A            
unet_standard                  base       8.78M           N/A            
================================================================================

2026-05-23 01:18:46,408 - __main__ - INFO - 
================================================================================
2026-05-23 01:18:46,409 - __main__ - INFO - Training model variant: unet_lite
2026-05-23 01:18:46,409 - __main__ - INFO - ================================================================================
2026-05-23 01:18:46,414 - utils.seed_utils - INFO - Reproducibility applied (seed=42, deterministic=True, benchmark=False)
2026-05-23 01:18:46,431 - utils.seed_utils - INFO - Reproducibility applied (seed=42, deterministic=True, benchmark=False)
2026-05-23 01:18:46,471 - utils.gpu_utils - INFO - GPU [NVIDIA GeForce GTX 1650:0] fp16 | alloc=0.0 MB reserved=0.0 MB peak=0.0 MB
2026-05-23 01:18:46,482 - utils.config_loader - INFO - Saved config snapshot: D:\ALPR_Research\outputs\experiments\20260523_011846_train_unet_lite\configs\config_snapshot.yaml
2026-05-23 01:18:47,477 - logging_utils.mlflow_logger - INFO - MLflow run started: experiment=mf_lpr2 run_id=55abd5c774364b278d6d98d92bf7eddb name=20260523_011846_train_unet_lite
2026-05-23 01:18:47,829 - logging_utils.tensorboard_logger - INFO - TensorBoard logging enabled: D:\ALPR_Research\outputs\experiments\20260523_011846_train_unet_lite\logs\tensorboard
2026-05-23 01:18:47,831 - logging_utils.experiment_manager - INFO - Experiment created: D:\ALPR_Research\outputs\experiments\20260523_011846_train_unet_lite
2026-05-23 01:18:47,835 - __main__ - INFO - Building model: unet_lite
2026-05-23 01:18:47,843 - models.model_registry - INFO - Built model: unet_lite
2026-05-23 01:18:47,845 - __main__ - INFO - Model complexity: Params: 944.3K
2026-05-23 01:18:47,875 - engine.composite_lightning - INFO - Model complexity: Params: 944.3K
2026-05-23 01:18:47,875 - __main__ - INFO - Loading dataset with augmentation...
2026-05-23 01:18:48,122 - datasets.validators - INFO - RLPR validation passed: 200 samples, 200 labels
2026-05-23 01:18:48,130 - datasets.rlpr_dataset - INFO - RLPRDataset ready: 200 samples from D:\ALPR_Research\Realistic License Plate Restoration and Recognition Dataset (RLPR)
2026-05-23 01:18:48,370 - datasets.validators - INFO - RLPR validation passed: 200 samples, 200 labels
2026-05-23 01:18:48,377 - datasets.rlpr_dataset - INFO - RLPRDataset ready: 200 samples from D:\ALPR_Research\Realistic License Plate Restoration and Recognition Dataset (RLPR)
2026-05-23 01:18:48,377 - __main__ - INFO - Train samples: 160, Val samples: 40
2026-05-23 01:18:48,637 - __main__ - INFO - Starting training...
2026-05-23 01:23:03,308 - __main__ - INFO - ================================================================================
2026-05-23 01:23:03,309 - __main__ - INFO - Custom Restoration Model Training
2026-05-23 01:23:03,310 - __main__ - INFO - ================================================================================
2026-05-23 01:23:03,310 - __main__ - INFO - Device: cuda
2026-05-23 01:23:03,311 - __main__ - INFO - Seed: 42
2026-05-23 01:23:03,311 - __main__ - INFO - Initializing model registry...
2026-05-23 01:23:03,901 - __main__ - INFO - Loading config from: configs/train_restoration.yaml
2026-05-23 01:23:04,032 - __main__ - INFO - 
Model Registry Summary:
================================================================================

HYBRID:
--------------------------------------------------------------------------------
Name                           Scale      Params          FLOPs          
--------------------------------------------------------------------------------
hybrid_attention               base       1.79M           N/A            

RESNET:
--------------------------------------------------------------------------------
Name                           Scale      Params          FLOPs          
--------------------------------------------------------------------------------
resnet_medium                  medium     2.35M           N/A            
resnet_small                   small      224.2K          N/A            

SWINIR:
--------------------------------------------------------------------------------
Name                           Scale      Params          FLOPs          
--------------------------------------------------------------------------------
swinir_base                    base       326.6K          N/A            
swinir_large                   large      611.3K          N/A            
swinir_small                   small      138.1K          N/A            

UNET:
--------------------------------------------------------------------------------
Name                           Scale      Params          FLOPs          
--------------------------------------------------------------------------------
unet_dense                     large      17.19M          N/A            
unet_lite                      small      944.3K          N/A            
unet_standard                  base       8.78M           N/A            
================================================================================

2026-05-23 01:23:04,032 - __main__ - INFO - 
================================================================================
2026-05-23 01:23:04,033 - __main__ - INFO - Training model variant: unet_standard
2026-05-23 01:23:04,033 - __main__ - INFO - ================================================================================
2026-05-23 01:23:04,041 - utils.seed_utils - INFO - Reproducibility applied (seed=42, deterministic=True, benchmark=False)
2026-05-23 01:23:04,091 - utils.seed_utils - INFO - Reproducibility applied (seed=42, deterministic=True, benchmark=False)
2026-05-23 01:23:04,159 - utils.gpu_utils - INFO - GPU [NVIDIA GeForce GTX 1650:0] fp16 | alloc=0.0 MB reserved=0.0 MB peak=0.0 MB
2026-05-23 01:23:04,180 - utils.config_loader - INFO - Saved config snapshot: D:\ALPR_Research\outputs\experiments\20260523_012304_train_unet_standard\configs\config_snapshot.yaml
2026-05-23 01:23:05,848 - logging_utils.mlflow_logger - INFO - MLflow run started: experiment=mf_lpr2 run_id=d837e34fcfa04476846330a0932c9caf name=20260523_012304_train_unet_standard
2026-05-23 01:23:06,499 - logging_utils.tensorboard_logger - INFO - TensorBoard logging enabled: D:\ALPR_Research\outputs\experiments\20260523_012304_train_unet_standard\logs\tensorboard
2026-05-23 01:23:06,502 - logging_utils.experiment_manager - INFO - Experiment created: D:\ALPR_Research\outputs\experiments\20260523_012304_train_unet_standard
2026-05-23 01:23:06,510 - __main__ - INFO - Building model: unet_standard
2026-05-23 01:23:06,633 - models.model_registry - INFO - Built model: unet_standard
2026-05-23 01:23:06,636 - __main__ - INFO - Model complexity: Params: 8.78M
2026-05-23 01:23:06,744 - engine.composite_lightning - INFO - Model complexity: Params: 8.78M
2026-05-23 01:23:06,745 - __main__ - INFO - Loading dataset with augmentation...
2026-05-23 01:23:07,269 - datasets.validators - INFO - RLPR validation passed: 200 samples, 200 labels
2026-05-23 01:23:07,282 - datasets.rlpr_dataset - INFO - RLPRDataset ready: 200 samples from D:\ALPR_Research\Realistic License Plate Restoration and Recognition Dataset (RLPR)
2026-05-23 01:23:08,105 - datasets.validators - INFO - RLPR validation passed: 200 samples, 200 labels
2026-05-23 01:23:08,120 - datasets.rlpr_dataset - INFO - RLPRDataset ready: 200 samples from D:\ALPR_Research\Realistic License Plate Restoration and Recognition Dataset (RLPR)
2026-05-23 01:23:08,120 - __main__ - INFO - Train samples: 160, Val samples: 40
2026-05-23 01:23:08,245 - __main__ - INFO - Starting training...
2026-05-23 01:27:11,062 - __main__ - INFO - ================================================================================
2026-05-23 01:27:11,062 - __main__ - INFO - Custom Restoration Model Training
2026-05-23 01:27:11,062 - __main__ - INFO - ================================================================================
2026-05-23 01:27:11,063 - __main__ - INFO - Device: cuda
2026-05-23 01:27:11,063 - __main__ - INFO - Seed: 42
2026-05-23 01:27:11,063 - __main__ - INFO - Initializing model registry...
2026-05-23 01:27:11,672 - __main__ - INFO - Loading config from: configs/train_restoration.yaml
2026-05-23 01:27:11,819 - __main__ - INFO - 
Model Registry Summary:
================================================================================

HYBRID:
--------------------------------------------------------------------------------
Name                           Scale      Params          FLOPs          
--------------------------------------------------------------------------------
hybrid_attention               base       1.79M           N/A            

RESNET:
--------------------------------------------------------------------------------
Name                           Scale      Params          FLOPs          
--------------------------------------------------------------------------------
resnet_medium                  medium     2.35M           N/A            
resnet_small                   small      224.2K          N/A            

SWINIR:
--------------------------------------------------------------------------------
Name                           Scale      Params          FLOPs          
--------------------------------------------------------------------------------
swinir_base                    base       326.6K          N/A            
swinir_large                   large      611.3K          N/A            
swinir_small                   small      138.1K          N/A            

UNET:
--------------------------------------------------------------------------------
Name                           Scale      Params          FLOPs          
--------------------------------------------------------------------------------
unet_dense                     large      17.19M          N/A            
unet_lite                      small      944.3K          N/A            
unet_standard                  base       8.78M           N/A            
================================================================================

2026-05-23 01:27:11,819 - __main__ - INFO - 
================================================================================
2026-05-23 01:27:11,820 - __main__ - INFO - Training model variant: unet_dense
2026-05-23 01:27:11,820 - __main__ - INFO - ================================================================================
2026-05-23 01:27:11,830 - utils.seed_utils - INFO - Reproducibility applied (seed=42, deterministic=True, benchmark=False)
2026-05-23 01:27:11,864 - utils.seed_utils - INFO - Reproducibility applied (seed=42, deterministic=True, benchmark=False)
2026-05-23 01:27:11,944 - utils.gpu_utils - INFO - GPU [NVIDIA GeForce GTX 1650:0] fp16 | alloc=0.0 MB reserved=0.0 MB peak=0.0 MB
2026-05-23 01:27:11,970 - utils.config_loader - INFO - Saved config snapshot: D:\ALPR_Research\outputs\experiments\20260523_012711_train_unet_dense\configs\config_snapshot.yaml
2026-05-23 01:27:14,142 - logging_utils.mlflow_logger - INFO - MLflow run started: experiment=mf_lpr2 run_id=c1d5352726254c4da52ac38a4ab917c7 name=20260523_012711_train_unet_dense
2026-05-23 01:27:14,935 - logging_utils.tensorboard_logger - INFO - TensorBoard logging enabled: D:\ALPR_Research\outputs\experiments\20260523_012711_train_unet_dense\logs\tensorboard
2026-05-23 01:27:14,938 - logging_utils.experiment_manager - INFO - Experiment created: D:\ALPR_Research\outputs\experiments\20260523_012711_train_unet_dense
2026-05-23 01:27:14,946 - __main__ - INFO - Building model: unet_dense
2026-05-23 01:27:15,150 - models.model_registry - INFO - Built model: unet_dense
2026-05-23 01:27:15,155 - __main__ - INFO - Model complexity: Params: 17.19M
2026-05-23 01:27:15,624 - engine.composite_lightning - INFO - Model complexity: Params: 17.19M
2026-05-23 01:27:15,624 - __main__ - INFO - Loading dataset with augmentation...
2026-05-23 01:27:16,241 - datasets.validators - INFO - RLPR validation passed: 200 samples, 200 labels
2026-05-23 01:27:16,260 - datasets.rlpr_dataset - INFO - RLPRDataset ready: 200 samples from D:\ALPR_Research\Realistic License Plate Restoration and Recognition Dataset (RLPR)
2026-05-23 01:27:16,864 - datasets.validators - INFO - RLPR validation passed: 200 samples, 200 labels
2026-05-23 01:27:16,883 - datasets.rlpr_dataset - INFO - RLPRDataset ready: 200 samples from D:\ALPR_Research\Realistic License Plate Restoration and Recognition Dataset (RLPR)
2026-05-23 01:27:16,885 - __main__ - INFO - Train samples: 160, Val samples: 40
2026-05-23 01:27:17,021 - __main__ - INFO - Starting training...
2026-05-23 01:27:18,395 - __main__ - ERROR - Failed to train unet_dense: Given groups=1, weight of size [128, 128, 3, 3], expected input[1, 64, 14, 52] to have 128 channels, but got 64 channels instead
2026-05-23 01:27:18,452 - __main__ - INFO - 
================================================================================
2026-05-23 01:27:18,453 - __main__ - INFO - TRAINING SUMMARY
2026-05-23 01:27:18,454 - __main__ - INFO - ================================================================================
2026-05-23 01:27:18,454 - __main__ - INFO - 
================================================================================
2026-05-23 01:27:18,455 - __main__ - INFO - Training completed successfully!
2026-05-23 01:27:18,456 - __main__ - INFO - ================================================================================
